<?xml version="1.0" encoding="UTF-8" ?>
<testsuite failures="0" time="0.105" errors="0" skipped="0" tests="1" name="idrobenya.baseline.MainTest">
  <properties>
    <property name="java.runtime.name" value="Java(TM) SE Runtime Environment"/>
    <property name="sun.boot.library.path" value="C:\Program Files (x86)\Java\jdk1.7.0_02\jre\bin"/>
    <property name="java.vm.version" value="22.0-b10"/>
    <property name="java.vm.vendor" value="Oracle Corporation"/>
    <property name="java.vendor.url" value="http://java.oracle.com/"/>
    <property name="path.separator" value=";"/>
    <property name="java.vm.name" value="Java HotSpot(TM) Client VM"/>
    <property name="file.encoding.pkg" value="sun.io"/>
    <property name="user.script" value=""/>
    <property name="user.country" value="RU"/>
    <property name="sun.java.launcher" value="SUN_STANDARD"/>
    <property name="sun.os.patch.level" value="Service Pack 1"/>
    <property name="java.vm.specification.name" value="Java Virtual Machine Specification"/>
    <property name="user.dir" value="D:\Projects\Java\Projects\JavaFX\baseline-builder"/>
    <property name="java.runtime.version" value="1.7.0_02-b13"/>
    <property name="java.awt.graphicsenv" value="sun.awt.Win32GraphicsEnvironment"/>
    <property name="basedir" value="D:\Projects\Java\Projects\JavaFX\baseline-builder"/>
    <property name="java.endorsed.dirs" value="C:\Program Files (x86)\Java\jdk1.7.0_02\jre\lib\endorsed"/>
    <property name="os.arch" value="x86"/>
    <property name="surefire.real.class.path" value="D:\Projects\Java\Projects\JavaFX\baseline-builder\target\surefire\surefirebooter3951555983264093916.jar"/>
    <property name="java.io.tmpdir" value="C:\Users\OS\AppData\Local\Temp\"/>
    <property name="line.separator" value="
"/>
    <property name="java.vm.specification.vendor" value="Oracle Corporation"/>
    <property name="user.variant" value=""/>
    <property name="os.name" value="Windows 7"/>
    <property name="sun.jnu.encoding" value="Cp1251"/>
    <property name="java.library.path" value="C:\Program Files (x86)\Java\jdk1.7.0_02\jre\bin;C:\Windows\Sun\Java\bin;C:\Windows\system32;C:\Windows;D:\Program Files (x86)\JetBrains\IntelliJ IDEA 10.5\bin\..\.\bin;C:\Program Files\Java\jdk1.7.0_06\bin;C:\Program Files (x86)\NVIDIA Corporation\PhysX\Common;C:\Windows\system32;C:\Windows;C:\Windows\system32\wbem;C:\Windows\system32\windowspowershell\v1.0\;c:\program files (x86)\subversion\bin;c:\program files (x86)\tortoisesvn\bin;c:\program files (x86)\microsoft sql server\100\tools\binn\;c:\program files\microsoft sql server\100\tools\binn\;c:\program files\microsoft sql server\100\dts\binn\;c:\program files\ibm\gsk8\lib64;D:\PROGRA~1\IBM\SQLLIB\BIN;D:\PROGRA~1\IBM\SQLLIB\FUNCTION;D:\PROGRA~1\IBM\SQLLIB\SAMPLES\REPL;D:\Program Files (x86)\IBM\RationalSDLC\common;D:\Program Files (x86)\Microchip\MPLAB C32 Suite\bin;D:\Program Files (x86)\Microchip\MPLAB IDE\VDI;c:\Program Files\NetBeans 6.8\java3\ant\bin\;C:\Program Files\Java\jdk1.6.0_21\bin\;D:\Program Files (x86)\apache-maven-3.0.3\bin;C:\Program Files\TortoiseGit\bin;C:\Program Files (x86)\Git\cmd;D:\Program Files (x86)\Rational\common;C:\Program Files (x86)\GNU\GnuPG\pub;D:\PROGRA~2\Aldec\ACTIVE~1.2\BIN;D:\Program Files (x86)\apache-ant-1.8.2\bin\;C:\Program Files\TortoiseHg\;D:\Program Files (x86)\Groovy\Groovy-1.8.4\bin;C:\Program Files (x86)\Microsoft ASP.NET\ASP.NET Web Pages\v1.0\;D:\Projects\Groovy\Libraries\Grails\grails-2.0.0\bin;D:\Projects\Groovy\Libraries\Griffon\griffon-0.9.2\bin;D:\Projects\Groovy\Libraries\Gradle\gradle-1.0-milestone-7/bin;D:\Program Files\FPC\2.6.0\bin\i386-Win32;D:\Program Files (x86)\QuickTime\QTSystem\;D:\Projects\Java\Libraries\SpringRoo\spring-roo-1.2.1.RELEASE\bin\;D:\Projects\JavaScript\Libraries\SproutCore\SproutCore\bin;D:\Programs\RailsInstaller\Git\cmd;D:\Programs\RailsInstaller\Ruby1.9.3\bin;C:\Program Files\Java\jdk1.7.0_06\bin;D:\Projects\Ruby\Ruby192\bin;d:\program files (x86)\jetbrains\intellij idea 10.5\jre\jre\bin;."/>
    <property name="surefire.test.class.path" value="D:\Projects\Java\Projects\JavaFX\baseline-builder\target\test-classes;D:\Projects\Java\Projects\JavaFX\baseline-builder\target\classes;C:\Program Files\Java\jdk1.7.0_06\jre\lib\jfxrt.jar;D:\Program Files (x86)\apache-maven-3.0.3\repository\commons-lang\commons-lang\2.6\commons-lang-2.6.jar;D:\Program Files (x86)\apache-maven-3.0.3\repository\net\lingala\zip4j\zip4j\1.3.1\zip4j-1.3.1.jar;D:\Program Files (x86)\apache-maven-3.0.3\repository\com\jcraft\jsch\0.1.48\jsch-0.1.48.jar;D:\Program Files (x86)\apache-maven-3.0.3\repository\junit\junit\3.8.1\junit-3.8.1.jar;"/>
    <property name="java.specification.name" value="Java Platform API Specification"/>
    <property name="java.class.version" value="51.0"/>
    <property name="sun.management.compiler" value="HotSpot Client Compiler"/>
    <property name="os.version" value="6.1"/>
    <property name="user.home" value="C:\Users\OS"/>
    <property name="user.timezone" value=""/>
    <property name="java.awt.printerjob" value="sun.awt.windows.WPrinterJob"/>
    <property name="java.specification.version" value="1.7"/>
    <property name="file.encoding" value="Cp1251"/>
    <property name="user.name" value="OS"/>
    <property name="java.class.path" value="D:\Projects\Java\Projects\JavaFX\baseline-builder\target\test-classes;D:\Projects\Java\Projects\JavaFX\baseline-builder\target\classes;C:\Program Files\Java\jdk1.7.0_06\jre\lib\jfxrt.jar;D:\Program Files (x86)\apache-maven-3.0.3\repository\commons-lang\commons-lang\2.6\commons-lang-2.6.jar;D:\Program Files (x86)\apache-maven-3.0.3\repository\net\lingala\zip4j\zip4j\1.3.1\zip4j-1.3.1.jar;D:\Program Files (x86)\apache-maven-3.0.3\repository\com\jcraft\jsch\0.1.48\jsch-0.1.48.jar;D:\Program Files (x86)\apache-maven-3.0.3\repository\junit\junit\3.8.1\junit-3.8.1.jar;"/>
    <property name="java.vm.specification.version" value="1.7"/>
    <property name="sun.arch.data.model" value="32"/>
    <property name="java.home" value="C:\Program Files (x86)\Java\jdk1.7.0_02\jre"/>
    <property name="sun.java.command" value="D:\Projects\Java\Projects\JavaFX\baseline-builder\target\surefire\surefirebooter3951555983264093916.jar D:\Projects\Java\Projects\JavaFX\baseline-builder\target\surefire\surefire2784215128913500292tmp D:\Projects\Java\Projects\JavaFX\baseline-builder\target\surefire\surefire1906117262396585143tmp"/>
    <property name="java.specification.vendor" value="Oracle Corporation"/>
    <property name="user.language" value="ru"/>
    <property name="awt.toolkit" value="sun.awt.windows.WToolkit"/>
    <property name="java.vm.info" value="mixed mode, sharing"/>
    <property name="java.version" value="1.7.0_02"/>
    <property name="java.ext.dirs" value="C:\Program Files (x86)\Java\jdk1.7.0_02\jre\lib\ext;C:\Windows\Sun\Java\lib\ext"/>
    <property name="sun.boot.class.path" value="C:\Program Files (x86)\Java\jdk1.7.0_02\jre\lib\resources.jar;C:\Program Files (x86)\Java\jdk1.7.0_02\jre\lib\rt.jar;C:\Program Files (x86)\Java\jdk1.7.0_02\jre\lib\sunrsasign.jar;C:\Program Files (x86)\Java\jdk1.7.0_02\jre\lib\jsse.jar;C:\Program Files (x86)\Java\jdk1.7.0_02\jre\lib\jce.jar;C:\Program Files (x86)\Java\jdk1.7.0_02\jre\lib\charsets.jar;C:\Program Files (x86)\Java\jdk1.7.0_02\jre\classes"/>
    <property name="java.vendor" value="Oracle Corporation"/>
    <property name="localRepository" value="D:\Program Files (x86)\apache-maven-3.0.3\repository"/>
    <property name="file.separator" value="\"/>
    <property name="java.vendor.url.bug" value="http://bugreport.sun.com/bugreport/"/>
    <property name="sun.cpu.endian" value="little"/>
    <property name="sun.io.unicode.encoding" value="UnicodeLittle"/>
    <property name="sun.desktop" value="windows"/>
    <property name="sun.cpu.isalist" value=""/>
  </properties>
  <testcase time="0.003" classname="idrobenya.baseline.MainTest" name="testApp"/>
</testsuite>